<?xml version="1.0" encoding="UTF-8"?>
<!-- Generated by org.testng.reporters.JUnitXMLReporter -->
<testsuite hostname="saranyass" name="Test" tests="1" failures="1" timestamp="27 Feb 2018 10:47:53 GMT" time="41.049" errors="0">
  <testcase name="HDFCLoginWithIciciAmc" time="39.642" classname="testCases.TC001_Login">
    <failure type="java.text.ParseException" message="Unparseable date: &amp;quot;2018-02-27&amp;quot;">
      <![CDATA[java.text.ParseException: Unparseable date: "2018-02-27"
	at java.text.DateFormat.parse(Unknown Source)
	at wrappers.GenericWrappers.insertReconBankStatementLog(GenericWrappers.java:1014)
	at wrappers.GenericWrappers.takeSnapShotFailcase(GenericWrappers.java:719)
	at pages.AccountActivityPage.verifyERRORText(AccountActivityPage.java:119)
	at testCases.TC001_Login.HDFCLoginWithIciciAmc(TC001_Login.java:88)
... Removed 24 stack frames]]>
    </failure>
  </testcase> <!-- HDFCLoginWithIciciAmc -->
</testsuite> <!-- Test -->
