<?xml version="1.0" encoding="UTF-8"?>
<testng-results skipped="0" failed="0" ignored="0" total="1" passed="1">
  <reporter-output>
  </reporter-output>
  <suite name="Command line suite" duration-ms="202361" started-at="2019-03-07T06:14:54Z" finished-at="2019-03-07T06:18:16Z">
    <groups>
    </groups>
    <test name="Command line test" duration-ms="202361" started-at="2019-03-07T06:14:54Z" finished-at="2019-03-07T06:18:16Z">
      <class name="testCases.TC001_Login">
        <test-method status="PASS" signature="beforeSuite()[pri:0, instance:testCases.TC001_Login@27ae2fd0]" name="beforeSuite" is-config="true" duration-ms="156" started-at="2019-03-07T11:44:54Z" finished-at="2019-03-07T11:44:54Z">
          <reporter-output>
          </reporter-output>
        </test-method> <!-- beforeSuite -->
        <test-method status="PASS" signature="beforeTest()[pri:0, instance:testCases.TC001_Login@27ae2fd0]" name="beforeTest" is-config="true" duration-ms="16" started-at="2019-03-07T11:44:54Z" finished-at="2019-03-07T11:44:54Z">
          <reporter-output>
          </reporter-output>
        </test-method> <!-- beforeTest -->
        <test-method status="PASS" signature="beforeMethod()[pri:0, instance:testCases.TC001_Login@27ae2fd0]" name="beforeMethod" is-config="true" duration-ms="16" started-at="2019-03-07T11:44:54Z" finished-at="2019-03-07T11:44:54Z">
          <reporter-output>
          </reporter-output>
        </test-method> <!-- beforeMethod -->
        <test-method status="PASS" signature="setData()[pri:0, instance:testCases.TC001_Login@27ae2fd0]" name="setData" is-config="true" duration-ms="0" started-at="2019-03-07T11:44:54Z" finished-at="2019-03-07T11:44:54Z">
          <reporter-output>
          </reporter-output>
        </test-method> <!-- setData -->
        <test-method status="PASS" signature="ICICILoginWithIciciAmc()[pri:0, instance:testCases.TC001_Login@27ae2fd0]" name="ICICILoginWithIciciAmc" duration-ms="202299" started-at="2019-03-07T11:44:54Z" finished-at="2019-03-07T11:48:16Z">
          <reporter-output>
          </reporter-output>
        </test-method> <!-- ICICILoginWithIciciAmc -->
        <test-method status="PASS" signature="afterMethod()[pri:0, instance:testCases.TC001_Login@27ae2fd0]" name="afterMethod" is-config="true" duration-ms="30" started-at="2019-03-07T11:48:16Z" finished-at="2019-03-07T11:48:16Z">
          <reporter-output>
          </reporter-output>
        </test-method> <!-- afterMethod -->
        <test-method status="PASS" signature="afterTest()[pri:0, instance:testCases.TC001_Login@27ae2fd0]" name="afterTest" is-config="true" duration-ms="0" started-at="2019-03-07T11:48:16Z" finished-at="2019-03-07T11:48:16Z">
          <reporter-output>
          </reporter-output>
        </test-method> <!-- afterTest -->
        <test-method status="PASS" signature="afterSuite()[pri:0, instance:testCases.TC001_Login@27ae2fd0]" name="afterSuite" is-config="true" duration-ms="266" started-at="2019-03-07T11:48:16Z" finished-at="2019-03-07T11:48:17Z">
          <reporter-output>
          </reporter-output>
        </test-method> <!-- afterSuite -->
      </class> <!-- testCases.TC001_Login -->
    </test> <!-- Command line test -->
  </suite> <!-- Command line suite -->
</testng-results>
